# JRE version: Java(TM) SE Runtime Environment (8.0_211-b12) (build 1.8.0_211-b12)
# Java VM: Java HotSpot(TM) 64-Bit Server VM (25.211-b12 mixed mode windows-amd64 compressed oops)
Heap:
 PSYoungGen      total 226816K, used 202291K [0x00000000d5d80000, 0x00000000e7f00000, 0x0000000100000000)
  eden space 211968K, 88% used [0x00000000d5d80000,0x00000000e14b00d8,0x00000000e2c80000)
  from space 14848K, 99% used [0x00000000e2c80000,0x00000000e3adcba0,0x00000000e3b00000)
  to   space 16384K, 0% used [0x00000000e6f00000,0x00000000e6f00000,0x00000000e7f00000)
 ParOldGen       total 117248K, used 34860K [0x0000000081800000, 0x0000000088a80000, 0x00000000d5d80000)
  object space 117248K, 29% used [0x0000000081800000,0x0000000083a0b168,0x0000000088a80000)
 Metaspace       used 48763K, capacity 50980K, committed 51072K, reserved 1093632K
  class space    used 5976K, capacity 6752K, committed 6784K, reserved 1048576K
GC Heap History (10 events):
Event: 11.513 GC heap before
{Heap before GC invocations=11 (full 1):
 PSYoungGen      total 134144K, used 118784K [0x00000000d5d80000, 0x00000000e3480000, 0x0000000100000000)
  eden space 118784K, 100% used [0x00000000d5d80000,0x00000000dd180000,0x00000000dd180000)
  from space 15360K, 0% used [0x00000000dd180000,0x00000000dd180000,0x00000000de080000)
  to   space 14848K, 0% used [0x00000000e2600000,0x00000000e2600000,0x00000000e3480000)
 ParOldGen       total 72192K, used 17427K [0x0000000081800000, 0x0000000085e80000, 0x00000000d5d80000)
  object space 72192K, 24% used [0x0000000081800000,0x0000000082904c78,0x0000000085e80000)
 Metaspace       used 24093K, capacity 24930K, committed 25088K, reserved 1071104K
  class space    used 2822K, capacity 3063K, committed 3072K, reserved 1048576K
Event: 11.537 GC heap after
Heap after GC invocations=11 (full 1):
 PSYoungGen      total 168960K, used 9230K [0x00000000d5d80000, 0x00000000e2f80000, 0x0000000100000000)
  eden space 159232K, 0% used [0x00000000d5d80000,0x00000000d5d80000,0x00000000df900000)
  from space 9728K, 94% used [0x00000000e2600000,0x00000000e2f03a90,0x00000000e2f80000)
  to   space 14336K, 0% used [0x00000000e1380000,0x00000000e1380000,0x00000000e2180000)
 ParOldGen       total 72192K, used 17435K [0x0000000081800000, 0x0000000085e80000, 0x00000000d5d80000)
  object space 72192K, 24% used [0x0000000081800000,0x0000000082906c78,0x0000000085e80000)
 Metaspace       used 24093K, capacity 24930K, committed 25088K, reserved 1071104K
  class space    used 2822K, capacity 3063K, committed 3072K, reserved 1048576K
}
Event: 14.241 GC heap before
{Heap before GC invocations=12 (full 1):
 PSYoungGen      total 168960K, used 168462K [0x00000000d5d80000, 0x00000000e2f80000, 0x0000000100000000)
  eden space 159232K, 100% used [0x00000000d5d80000,0x00000000df900000,0x00000000df900000)
  from space 9728K, 94% used [0x00000000e2600000,0x00000000e2f03a90,0x00000000e2f80000)
  to   space 14336K, 0% used [0x00000000e1380000,0x00000000e1380000,0x00000000e2180000)
 ParOldGen       total 72192K, used 17435K [0x0000000081800000, 0x0000000085e80000, 0x00000000d5d80000)
  object space 72192K, 24% used [0x0000000081800000,0x0000000082906c78,0x0000000085e80000)
 Metaspace       used 29274K, capacity 30450K, committed 30592K, reserved 1075200K
  class space    used 3489K, capacity 3865K, committed 3968K, reserved 1048576K
Event: 14.273 GC heap after
Heap after GC invocations=12 (full 1):
 PSYoungGen      total 200704K, used 12778K [0x00000000d5d80000, 0x00000000e4a00000, 0x0000000100000000)
  eden space 186368K, 0% used [0x00000000d5d80000,0x00000000d5d80000,0x00000000e1380000)
  from space 14336K, 89% used [0x00000000e1380000,0x00000000e1ffaba8,0x00000000e2180000)
  to   space 15360K, 0% used [0x00000000e3b00000,0x00000000e3b00000,0x00000000e4a00000)
 ParOldGen       total 72192K, used 21206K [0x0000000081800000, 0x0000000085e80000, 0x00000000d5d80000)
  object space 72192K, 29% used [0x0000000081800000,0x0000000082cb5a70,0x0000000085e80000)
 Metaspace       used 29274K, capacity 30450K, committed 30592K, reserved 1075200K
  class space    used 3489K, capacity 3865K, committed 3968K, reserved 1048576K
}
Event: 16.975 GC heap before
{Heap before GC invocations=13 (full 1):
 PSYoungGen      total 200704K, used 166012K [0x00000000d5d80000, 0x00000000e4a00000, 0x0000000100000000)
  eden space 186368K, 82% used [0x00000000d5d80000,0x00000000df3246f0,0x00000000e1380000)
  from space 14336K, 89% used [0x00000000e1380000,0x00000000e1ffaba8,0x00000000e2180000)
  to   space 15360K, 0% used [0x00000000e3b00000,0x00000000e3b00000,0x00000000e4a00000)
 ParOldGen       total 72192K, used 21206K [0x0000000081800000, 0x0000000085e80000, 0x00000000d5d80000)
  object space 72192K, 29% used [0x0000000081800000,0x0000000082cb5a70,0x0000000085e80000)
 Metaspace       used 33934K, capacity 35330K, committed 35416K, reserved 1081344K
  class space    used 4116K, capacity 4577K, committed 4608K, reserved 1048576K
Event: 16.991 GC heap after
Heap after GC invocations=13 (full 1):
 PSYoungGen      total 227328K, used 9888K [0x00000000d5d80000, 0x00000000e6780000, 0x0000000100000000)
  eden space 211968K, 0% used [0x00000000d5d80000,0x00000000d5d80000,0x00000000e2c80000)
  from space 15360K, 64% used [0x00000000e3b00000,0x00000000e44a8080,0x00000000e4a00000)
  to   space 14848K, 0% used [0x00000000e2c80000,0x00000000e2c80000,0x00000000e3b00000)
 ParOldGen       total 72192K, used 26702K [0x0000000081800000, 0x0000000085e80000, 0x00000000d5d80000)
  object space 72192K, 36% used [0x0000000081800000,0x0000000083213998,0x0000000085e80000)
 Metaspace       used 33934K, capacity 35330K, committed 35416K, reserved 1081344K
  class space    used 4116K, capacity 4577K, committed 4608K, reserved 1048576K
}
Event: 16.991 GC heap before
{Heap before GC invocations=14 (full 2):
 PSYoungGen      total 227328K, used 9888K [0x00000000d5d80000, 0x00000000e6780000, 0x0000000100000000)
  eden space 211968K, 0% used [0x00000000d5d80000,0x00000000d5d80000,0x00000000e2c80000)
  from space 15360K, 64% used [0x00000000e3b00000,0x00000000e44a8080,0x00000000e4a00000)
  to   space 14848K, 0% used [0x00000000e2c80000,0x00000000e2c80000,0x00000000e3b00000)
 ParOldGen       total 72192K, used 26702K [0x0000000081800000, 0x0000000085e80000, 0x00000000d5d80000)
  object space 72192K, 36% used [0x0000000081800000,0x0000000083213998,0x0000000085e80000)
 Metaspace       used 33934K, capacity 35330K, committed 35416K, reserved 1081344K
  class space    used 4116K, capacity 4577K, committed 4608K, reserved 1048576K
Event: 17.187 GC heap after
Heap after GC invocations=14 (full 2):
 PSYoungGen      total 227328K, used 0K [0x00000000d5d80000, 0x00000000e6780000, 0x0000000100000000)
  eden space 211968K, 0% used [0x00000000d5d80000,0x00000000d5d80000,0x00000000e2c80000)
  from space 15360K, 0% used [0x00000000e3b00000,0x00000000e3b00000,0x00000000e4a00000)
  to   space 14848K, 0% used [0x00000000e2c80000,0x00000000e2c80000,0x00000000e3b00000)
 ParOldGen       total 117248K, used 34852K [0x0000000081800000, 0x0000000088a80000, 0x00000000d5d80000)
  object space 117248K, 29% used [0x0000000081800000,0x0000000083a09168,0x0000000088a80000)
 Metaspace       used 33934K, capacity 35330K, committed 35416K, reserved 1081344K
  class space    used 4116K, capacity 4577K, committed 4608K, reserved 1048576K
}
Event: 20.861 GC heap before
{Heap before GC invocations=15 (full 2):
 PSYoungGen      total 227328K, used 211968K [0x00000000d5d80000, 0x00000000e6780000, 0x0000000100000000)
  eden space 211968K, 100% used [0x00000000d5d80000,0x00000000e2c80000,0x00000000e2c80000)
  from space 15360K, 0% used [0x00000000e3b00000,0x00000000e3b00000,0x00000000e4a00000)
  to   space 14848K, 0% used [0x00000000e2c80000,0x00000000e2c80000,0x00000000e3b00000)
 ParOldGen       total 117248K, used 34852K [0x0000000081800000, 0x0000000088a80000, 0x00000000d5d80000)
  object space 117248K, 29% used [0x0000000081800000,0x0000000083a09168,0x0000000088a80000)
 Metaspace       used 39035K, capacity 40958K, committed 41088K, reserved 1085440K
  class space    used 4819K, capacity 5464K, committed 5504K, reserved 1048576K
Event: 20.899 GC heap after
Heap after GC invocations=15 (full 2):
 PSYoungGen      total 226816K, used 14706K [0x00000000d5d80000, 0x00000000e7f00000, 0x0000000100000000)
  eden space 211968K, 0% used [0x00000000d5d80000,0x00000000d5d80000,0x00000000e2c80000)
  from space 14848K, 99% used [0x00000000e2c80000,0x00000000e3adcba0,0x00000000e3b00000)
  to   space 16384K, 0% used [0x00000000e6f00000,0x00000000e6f00000,0x00000000e7f00000)
 ParOldGen       total 117248K, used 34860K [0x0000000081800000, 0x0000000088a80000, 0x00000000d5d80000)
  object space 117248K, 29% used [0x0000000081800000,0x0000000083a0b168,0x0000000088a80000)
 Metaspace       used 39035K, capacity 40958K, committed 41088K, reserved 1085440K
  class space    used 4819K, capacity 5464K, committed 5504K, reserved 1048576K
}

