# JRE version: Java(TM) SE Runtime Environment (8.0_211-b12) (build 1.8.0_211-b12)
# Java VM: Java HotSpot(TM) 64-Bit Server VM (25.211-b12 mixed mode windows-amd64 compressed oops)
Heap:
 PSYoungGen      total 76288K, used 42359K [0x00000000d5d80000, 0x00000000db180000, 0x0000000100000000)
  eden space 66560K, 63% used [0x00000000d5d80000,0x00000000d86ddf00,0x00000000d9e80000)
  from space 9728K, 0% used [0x00000000d9e80000,0x00000000d9e80000,0x00000000da800000)
  to   space 9728K, 0% used [0x00000000da800000,0x00000000da800000,0x00000000db180000)
 ParOldGen       total 71680K, used 15138K [0x0000000081800000, 0x0000000085e00000, 0x00000000d5d80000)
  object space 71680K, 21% used [0x0000000081800000,0x00000000826c89a8,0x0000000085e00000)
 Metaspace       used 23326K, capacity 23846K, committed 24192K, reserved 1071104K
  class space    used 2710K, capacity 2880K, committed 2944K, reserved 1048576K
GC Heap History (10 events):
Event: 8.234 GC heap before
{Heap before GC invocations=4 (full 0):
 PSYoungGen      total 38400K, used 38392K [0x00000000d5d80000, 0x00000000d8800000, 0x0000000100000000)
  eden space 33280K, 100% used [0x00000000d5d80000,0x00000000d7e00000,0x00000000d7e00000)
  from space 5120K, 99% used [0x00000000d7e00000,0x00000000d82fe030,0x00000000d8300000)
  to   space 5120K, 0% used [0x00000000d8300000,0x00000000d8300000,0x00000000d8800000)
 ParOldGen       total 87552K, used 4513K [0x0000000081800000, 0x0000000086d80000, 0x00000000d5d80000)
  object space 87552K, 5% used [0x0000000081800000,0x0000000081c68540,0x0000000086d80000)
 Metaspace       used 16836K, capacity 17146K, committed 17280K, reserved 1064960K
  class space    used 2009K, capacity 2114K, committed 2176K, reserved 1048576K
Event: 8.280 GC heap after
Heap after GC invocations=4 (full 0):
 PSYoungGen      total 38400K, used 5112K [0x00000000d5d80000, 0x00000000da880000, 0x0000000100000000)
  eden space 33280K, 0% used [0x00000000d5d80000,0x00000000d5d80000,0x00000000d7e00000)
  from space 5120K, 99% used [0x00000000d8300000,0x00000000d87fe050,0x00000000d8800000)
  to   space 5120K, 0% used [0x00000000d7e00000,0x00000000d7e00000,0x00000000d8300000)
 ParOldGen       total 87552K, used 8215K [0x0000000081800000, 0x0000000086d80000, 0x00000000d5d80000)
  object space 87552K, 9% used [0x0000000081800000,0x0000000082005dc0,0x0000000086d80000)
 Metaspace       used 16836K, capacity 17146K, committed 17280K, reserved 1064960K
  class space    used 2009K, capacity 2114K, committed 2176K, reserved 1048576K
}
Event: 10.001 GC heap before
{Heap before GC invocations=5 (full 0):
 PSYoungGen      total 38400K, used 38392K [0x00000000d5d80000, 0x00000000da880000, 0x0000000100000000)
  eden space 33280K, 100% used [0x00000000d5d80000,0x00000000d7e00000,0x00000000d7e00000)
  from space 5120K, 99% used [0x00000000d8300000,0x00000000d87fe050,0x00000000d8800000)
  to   space 5120K, 0% used [0x00000000d7e00000,0x00000000d7e00000,0x00000000d8300000)
 ParOldGen       total 87552K, used 8215K [0x0000000081800000, 0x0000000086d80000, 0x00000000d5d80000)
  object space 87552K, 9% used [0x0000000081800000,0x0000000082005dc0,0x0000000086d80000)
 Metaspace       used 17164K, capacity 17610K, committed 17792K, reserved 1064960K
  class space    used 2015K, capacity 2116K, committed 2176K, reserved 1048576K
Event: 10.027 GC heap after
Heap after GC invocations=5 (full 0):
 PSYoungGen      total 38400K, used 5112K [0x00000000d5d80000, 0x00000000db180000, 0x0000000100000000)
  eden space 33280K, 0% used [0x00000000d5d80000,0x00000000d5d80000,0x00000000d7e00000)
  from space 5120K, 99% used [0x00000000d7e00000,0x00000000d82fe050,0x00000000d8300000)
  to   space 9728K, 0% used [0x00000000da800000,0x00000000da800000,0x00000000db180000)
 ParOldGen       total 87552K, used 10806K [0x0000000081800000, 0x0000000086d80000, 0x00000000d5d80000)
  object space 87552K, 12% used [0x0000000081800000,0x000000008228d978,0x0000000086d80000)
 Metaspace       used 17164K, capacity 17610K, committed 17792K, reserved 1064960K
  class space    used 2015K, capacity 2116K, committed 2176K, reserved 1048576K
}
Event: 12.330 GC heap before
{Heap before GC invocations=6 (full 0):
 PSYoungGen      total 38400K, used 38392K [0x00000000d5d80000, 0x00000000db180000, 0x0000000100000000)
  eden space 33280K, 100% used [0x00000000d5d80000,0x00000000d7e00000,0x00000000d7e00000)
  from space 5120K, 99% used [0x00000000d7e00000,0x00000000d82fe050,0x00000000d8300000)
  to   space 9728K, 0% used [0x00000000da800000,0x00000000da800000,0x00000000db180000)
 ParOldGen       total 87552K, used 10806K [0x0000000081800000, 0x0000000086d80000, 0x00000000d5d80000)
  object space 87552K, 12% used [0x0000000081800000,0x000000008228d978,0x0000000086d80000)
 Metaspace       used 17482K, capacity 17902K, committed 18048K, reserved 1064960K
  class space    used 2018K, capacity 2122K, committed 2176K, reserved 1048576K
Event: 12.364 GC heap after
Heap after GC invocations=6 (full 0):
 PSYoungGen      total 76288K, used 8072K [0x00000000d5d80000, 0x00000000db180000, 0x0000000100000000)
  eden space 66560K, 0% used [0x00000000d5d80000,0x00000000d5d80000,0x00000000d9e80000)
  from space 9728K, 82% used [0x00000000da800000,0x00000000dafe2020,0x00000000db180000)
  to   space 9728K, 0% used [0x00000000d9e80000,0x00000000d9e80000,0x00000000da800000)
 ParOldGen       total 87552K, used 10814K [0x0000000081800000, 0x0000000086d80000, 0x00000000d5d80000)
  object space 87552K, 12% used [0x0000000081800000,0x000000008228f978,0x0000000086d80000)
 Metaspace       used 17482K, capacity 17902K, committed 18048K, reserved 1064960K
  class space    used 2018K, capacity 2122K, committed 2176K, reserved 1048576K
}
Event: 15.822 GC heap before
{Heap before GC invocations=7 (full 0):
 PSYoungGen      total 76288K, used 37226K [0x00000000d5d80000, 0x00000000db180000, 0x0000000100000000)
  eden space 66560K, 43% used [0x00000000d5d80000,0x00000000d79f8850,0x00000000d9e80000)
  from space 9728K, 82% used [0x00000000da800000,0x00000000dafe2020,0x00000000db180000)
  to   space 9728K, 0% used [0x00000000d9e80000,0x00000000d9e80000,0x00000000da800000)
 ParOldGen       total 87552K, used 10814K [0x0000000081800000, 0x0000000086d80000, 0x00000000d5d80000)
  object space 87552K, 12% used [0x0000000081800000,0x000000008228f978,0x0000000086d80000)
 Metaspace       used 20652K, capacity 21140K, committed 21248K, reserved 1069056K
  class space    used 2385K, capacity 2557K, committed 2560K, reserved 1048576K
Event: 16.064 GC heap after
Heap after GC invocations=7 (full 0):
 PSYoungGen      total 76288K, used 8871K [0x00000000d5d80000, 0x00000000db180000, 0x0000000100000000)
  eden space 66560K, 0% used [0x00000000d5d80000,0x00000000d5d80000,0x00000000d9e80000)
  from space 9728K, 91% used [0x00000000d9e80000,0x00000000da729e60,0x00000000da800000)
  to   space 9728K, 0% used [0x00000000da800000,0x00000000da800000,0x00000000db180000)
 ParOldGen       total 87552K, used 12598K [0x0000000081800000, 0x0000000086d80000, 0x00000000d5d80000)
  object space 87552K, 14% used [0x0000000081800000,0x000000008244da18,0x0000000086d80000)
 Metaspace       used 20652K, capacity 21140K, committed 21248K, reserved 1069056K
  class space    used 2385K, capacity 2557K, committed 2560K, reserved 1048576K
}
Event: 16.064 GC heap before
{Heap before GC invocations=8 (full 1):
 PSYoungGen      total 76288K, used 8871K [0x00000000d5d80000, 0x00000000db180000, 0x0000000100000000)
  eden space 66560K, 0% used [0x00000000d5d80000,0x00000000d5d80000,0x00000000d9e80000)
  from space 9728K, 91% used [0x00000000d9e80000,0x00000000da729e60,0x00000000da800000)
  to   space 9728K, 0% used [0x00000000da800000,0x00000000da800000,0x00000000db180000)
 ParOldGen       total 87552K, used 12598K [0x0000000081800000, 0x0000000086d80000, 0x00000000d5d80000)
  object space 87552K, 14% used [0x0000000081800000,0x000000008244da18,0x0000000086d80000)
 Metaspace       used 20652K, capacity 21140K, committed 21248K, reserved 1069056K
  class space    used 2385K, capacity 2557K, committed 2560K, reserved 1048576K
Event: 16.596 GC heap after
Heap after GC invocations=8 (full 1):
 PSYoungGen      total 76288K, used 0K [0x00000000d5d80000, 0x00000000db180000, 0x0000000100000000)
  eden space 66560K, 0% used [0x00000000d5d80000,0x00000000d5d80000,0x00000000d9e80000)
  from space 9728K, 0% used [0x00000000d9e80000,0x00000000d9e80000,0x00000000da800000)
  to   space 9728K, 0% used [0x00000000da800000,0x00000000da800000,0x00000000db180000)
 ParOldGen       total 71680K, used 15138K [0x0000000081800000, 0x0000000085e00000, 0x00000000d5d80000)
  object space 71680K, 21% used [0x0000000081800000,0x00000000826c89a8,0x0000000085e00000)
 Metaspace       used 20652K, capacity 21140K, committed 21248K, reserved 1069056K
  class space    used 2385K, capacity 2557K, committed 2560K, reserved 1048576K
}

