# JRE version: Java(TM) SE Runtime Environment (8.0_211-b12) (build 1.8.0_211-b12)
# Java VM: Java HotSpot(TM) 64-Bit Server VM (25.211-b12 mixed mode windows-amd64 compressed oops)
Heap:
 PSYoungGen      total 278528K, used 73491K [0x00000000d5d80000, 0x00000000e8200000, 0x0000000100000000)
  eden space 261632K, 21% used [0x00000000d5d80000,0x00000000d94cbb10,0x00000000e5d00000)
  from space 16896K, 99% used [0x00000000e7180000,0x00000000e81f92c8,0x00000000e8200000)
  to   space 18944K, 0% used [0x00000000e5d00000,0x00000000e5d00000,0x00000000e6f80000)
 ParOldGen       total 116736K, used 31849K [0x0000000081800000, 0x0000000088a00000, 0x00000000d5d80000)
  object space 116736K, 27% used [0x0000000081800000,0x000000008371a7f8,0x0000000088a00000)
 Metaspace       used 46462K, capacity 48500K, committed 48640K, reserved 1091584K
  class space    used 5566K, capacity 6290K, committed 6400K, reserved 1048576K
GC Heap History (10 events):
Event: 95.792 GC heap before
{Heap before GC invocations=14 (full 2):
 PSYoungGen      total 195584K, used 14636K [0x00000000d5d80000, 0x00000000e3580000, 0x0000000100000000)
  eden space 180736K, 0% used [0x00000000d5d80000,0x00000000d5d80000,0x00000000e0e00000)
  from space 14848K, 98% used [0x00000000e1e00000,0x00000000e2c4b138,0x00000000e2c80000)
  to   space 16384K, 0% used [0x00000000e0e00000,0x00000000e0e00000,0x00000000e1e00000)
 ParOldGen       total 77312K, used 20047K [0x0000000081800000, 0x0000000086380000, 0x00000000d5d80000)
  object space 77312K, 25% used [0x0000000081800000,0x0000000082b93e28,0x0000000086380000)
 Metaspace       used 34151K, capacity 35214K, committed 35416K, reserved 1081344K
  class space    used 3932K, capacity 4273K, committed 4352K, reserved 1048576K
Event: 95.926 GC heap after
Heap after GC invocations=14 (full 2):
 PSYoungGen      total 195584K, used 0K [0x00000000d5d80000, 0x00000000e3580000, 0x0000000100000000)
  eden space 180736K, 0% used [0x00000000d5d80000,0x00000000d5d80000,0x00000000e0e00000)
  from space 14848K, 0% used [0x00000000e1e00000,0x00000000e1e00000,0x00000000e2c80000)
  to   space 16384K, 0% used [0x00000000e0e00000,0x00000000e0e00000,0x00000000e1e00000)
 ParOldGen       total 116736K, used 30520K [0x0000000081800000, 0x0000000088a00000, 0x00000000d5d80000)
  object space 116736K, 26% used [0x0000000081800000,0x00000000835ce300,0x0000000088a00000)
 Metaspace       used 34151K, capacity 35214K, committed 35416K, reserved 1081344K
  class space    used 3932K, capacity 4273K, committed 4352K, reserved 1048576K
}
Event: 110.227 GC heap before
{Heap before GC invocations=15 (full 2):
 PSYoungGen      total 195584K, used 180736K [0x00000000d5d80000, 0x00000000e3580000, 0x0000000100000000)
  eden space 180736K, 100% used [0x00000000d5d80000,0x00000000e0e00000,0x00000000e0e00000)
  from space 14848K, 0% used [0x00000000e1e00000,0x00000000e1e00000,0x00000000e2c80000)
  to   space 16384K, 0% used [0x00000000e0e00000,0x00000000e0e00000,0x00000000e1e00000)
 ParOldGen       total 116736K, used 30520K [0x0000000081800000, 0x0000000088a00000, 0x00000000d5d80000)
  object space 116736K, 26% used [0x0000000081800000,0x00000000835ce300,0x0000000088a00000)
 Metaspace       used 37216K, capacity 38534K, committed 38912K, reserved 1083392K
  class space    used 4333K, capacity 4741K, committed 4864K, reserved 1048576K
Event: 110.237 GC heap after
Heap after GC invocations=15 (full 2):
 PSYoungGen      total 197120K, used 7992K [0x00000000d5d80000, 0x00000000e5580000, 0x0000000100000000)
  eden space 180736K, 0% used [0x00000000d5d80000,0x00000000d5d80000,0x00000000e0e00000)
  from space 16384K, 48% used [0x00000000e0e00000,0x00000000e15ce138,0x00000000e1e00000)
  to   space 15872K, 0% used [0x00000000e4600000,0x00000000e4600000,0x00000000e5580000)
 ParOldGen       total 116736K, used 30528K [0x0000000081800000, 0x0000000088a00000, 0x00000000d5d80000)
  object space 116736K, 26% used [0x0000000081800000,0x00000000835d0300,0x0000000088a00000)
 Metaspace       used 37216K, capacity 38534K, committed 38912K, reserved 1083392K
  class space    used 4333K, capacity 4741K, committed 4864K, reserved 1048576K
}
Event: 123.775 GC heap before
{Heap before GC invocations=16 (full 2):
 PSYoungGen      total 197120K, used 188728K [0x00000000d5d80000, 0x00000000e5580000, 0x0000000100000000)
  eden space 180736K, 100% used [0x00000000d5d80000,0x00000000e0e00000,0x00000000e0e00000)
  from space 16384K, 48% used [0x00000000e0e00000,0x00000000e15ce138,0x00000000e1e00000)
  to   space 15872K, 0% used [0x00000000e4600000,0x00000000e4600000,0x00000000e5580000)
 ParOldGen       total 116736K, used 30528K [0x0000000081800000, 0x0000000088a00000, 0x00000000d5d80000)
  object space 116736K, 26% used [0x0000000081800000,0x00000000835d0300,0x0000000088a00000)
 Metaspace       used 41123K, capacity 42686K, committed 42880K, reserved 1087488K
  class space    used 4855K, capacity 5381K, committed 5504K, reserved 1048576K
Event: 123.845 GC heap after
Heap after GC invocations=16 (full 2):
 PSYoungGen      total 237568K, used 11855K [0x00000000d5d80000, 0x00000000e5700000, 0x0000000100000000)
  eden space 221696K, 0% used [0x00000000d5d80000,0x00000000d5d80000,0x00000000e3600000)
  from space 15872K, 74% used [0x00000000e4600000,0x00000000e5193c30,0x00000000e5580000)
  to   space 16384K, 0% used [0x00000000e3600000,0x00000000e3600000,0x00000000e4600000)
 ParOldGen       total 116736K, used 30536K [0x0000000081800000, 0x0000000088a00000, 0x00000000d5d80000)
  object space 116736K, 26% used [0x0000000081800000,0x00000000835d2300,0x0000000088a00000)
 Metaspace       used 41123K, capacity 42686K, committed 42880K, reserved 1087488K
  class space    used 4855K, capacity 5381K, committed 5504K, reserved 1048576K
}
Event: 148.982 GC heap before
{Heap before GC invocations=17 (full 2):
 PSYoungGen      total 237568K, used 233551K [0x00000000d5d80000, 0x00000000e5700000, 0x0000000100000000)
  eden space 221696K, 100% used [0x00000000d5d80000,0x00000000e3600000,0x00000000e3600000)
  from space 15872K, 74% used [0x00000000e4600000,0x00000000e5193c30,0x00000000e5580000)
  to   space 16384K, 0% used [0x00000000e3600000,0x00000000e3600000,0x00000000e4600000)
 ParOldGen       total 116736K, used 30536K [0x0000000081800000, 0x0000000088a00000, 0x00000000d5d80000)
  object space 116736K, 26% used [0x0000000081800000,0x00000000835d2300,0x0000000088a00000)
 Metaspace       used 43236K, capacity 44912K, committed 45184K, reserved 1089536K
  class space    used 5128K, capacity 5702K, committed 5760K, reserved 1048576K
Event: 149.004 GC heap after
Heap after GC invocations=17 (full 2):
 PSYoungGen      total 238080K, used 13283K [0x00000000d5d80000, 0x00000000e8200000, 0x0000000100000000)
  eden space 221696K, 0% used [0x00000000d5d80000,0x00000000d5d80000,0x00000000e3600000)
  from space 16384K, 81% used [0x00000000e3600000,0x00000000e42f8e90,0x00000000e4600000)
  to   space 16896K, 0% used [0x00000000e7180000,0x00000000e7180000,0x00000000e8200000)
 ParOldGen       total 116736K, used 30536K [0x0000000081800000, 0x0000000088a00000, 0x00000000d5d80000)
  object space 116736K, 26% used [0x0000000081800000,0x00000000835d2300,0x0000000088a00000)
 Metaspace       used 43236K, capacity 44912K, committed 45184K, reserved 1089536K
  class space    used 5128K, capacity 5702K, committed 5760K, reserved 1048576K
}
Event: 168.242 GC heap before
{Heap before GC invocations=18 (full 2):
 PSYoungGen      total 238080K, used 234979K [0x00000000d5d80000, 0x00000000e8200000, 0x0000000100000000)
  eden space 221696K, 100% used [0x00000000d5d80000,0x00000000e3600000,0x00000000e3600000)
  from space 16384K, 81% used [0x00000000e3600000,0x00000000e42f8e90,0x00000000e4600000)
  to   space 16896K, 0% used [0x00000000e7180000,0x00000000e7180000,0x00000000e8200000)
 ParOldGen       total 116736K, used 30536K [0x0000000081800000, 0x0000000088a00000, 0x00000000d5d80000)
  object space 116736K, 26% used [0x0000000081800000,0x00000000835d2300,0x0000000088a00000)
 Metaspace       used 46271K, capacity 48264K, committed 48512K, reserved 1091584K
  class space    used 5551K, capacity 6250K, committed 6272K, reserved 1048576K
Event: 168.275 GC heap after
Heap after GC invocations=18 (full 2):
 PSYoungGen      total 278528K, used 16868K [0x00000000d5d80000, 0x00000000e8200000, 0x0000000100000000)
  eden space 261632K, 0% used [0x00000000d5d80000,0x00000000d5d80000,0x00000000e5d00000)
  from space 16896K, 99% used [0x00000000e7180000,0x00000000e81f92c8,0x00000000e8200000)
  to   space 18944K, 0% used [0x00000000e5d00000,0x00000000e5d00000,0x00000000e6f80000)
 ParOldGen       total 116736K, used 31849K [0x0000000081800000, 0x0000000088a00000, 0x00000000d5d80000)
  object space 116736K, 27% used [0x0000000081800000,0x000000008371a7f8,0x0000000088a00000)
 Metaspace       used 46271K, capacity 48264K, committed 48512K, reserved 1091584K
  class space    used 5551K, capacity 6250K, committed 6272K, reserved 1048576K
}

