# JRE version: Java(TM) SE Runtime Environment (8.0_211-b12) (build 1.8.0_211-b12)
# Java VM: Java HotSpot(TM) 64-Bit Server VM (25.211-b12 mixed mode windows-amd64 compressed oops)
Heap:
 PSYoungGen      total 409600K, used 330473K [0x00000000d5d80000, 0x00000000f4f80000, 0x0000000100000000)
  eden space 392192K, 84% used [0x00000000d5d80000,0x00000000ea03a6f0,0x00000000edc80000)
  from space 17408K, 0% used [0x00000000edc80000,0x00000000edc80000,0x00000000eed80000)
  to   space 17408K, 0% used [0x00000000f3e80000,0x00000000f3e80000,0x00000000f4f80000)
 ParOldGen       total 123904K, used 27925K [0x0000000081800000, 0x0000000089100000, 0x00000000d5d80000)
  object space 123904K, 22% used [0x0000000081800000,0x0000000083345650,0x0000000089100000)
 Metaspace       used 69161K, capacity 73980K, committed 74024K, reserved 1114112K
  class space    used 8906K, capacity 9728K, committed 9768K, reserved 1048576K
GC Heap History (10 events):
Event: 19.639 GC heap before
{Heap before GC invocations=16 (full 2):
 PSYoungGen      total 259072K, used 247808K [0x00000000d5d80000, 0x00000000eba80000, 0x0000000100000000)
  eden space 247808K, 100% used [0x00000000d5d80000,0x00000000e4f80000,0x00000000e4f80000)
  from space 11264K, 0% used [0x00000000e4f80000,0x00000000e4f80000,0x00000000e5a80000)
  to   space 10752K, 0% used [0x00000000eb000000,0x00000000eb000000,0x00000000eba80000)
 ParOldGen       total 89600K, used 16833K [0x0000000081800000, 0x0000000086f80000, 0x00000000d5d80000)
  object space 89600K, 18% used [0x0000000081800000,0x00000000828704a0,0x0000000086f80000)
 Metaspace       used 40808K, capacity 43132K, committed 43432K, reserved 1087488K
  class space    used 5293K, capacity 5716K, committed 5800K, reserved 1048576K
Event: 19.663 GC heap after
Heap after GC invocations=16 (full 2):
 PSYoungGen      total 324608K, used 8616K [0x00000000d5d80000, 0x00000000eb880000, 0x0000000100000000)
  eden space 315904K, 0% used [0x00000000d5d80000,0x00000000d5d80000,0x00000000e9200000)
  from space 8704K, 98% used [0x00000000eb000000,0x00000000eb86a020,0x00000000eb880000)
  to   space 11264K, 0% used [0x00000000ea280000,0x00000000ea280000,0x00000000ead80000)
 ParOldGen       total 89600K, used 16841K [0x0000000081800000, 0x0000000086f80000, 0x00000000d5d80000)
  object space 89600K, 18% used [0x0000000081800000,0x00000000828724a0,0x0000000086f80000)
 Metaspace       used 40808K, capacity 43132K, committed 43432K, reserved 1087488K
  class space    used 5293K, capacity 5716K, committed 5800K, reserved 1048576K
}
Event: 26.007 GC heap before
{Heap before GC invocations=17 (full 2):
 PSYoungGen      total 324608K, used 324520K [0x00000000d5d80000, 0x00000000eb880000, 0x0000000100000000)
  eden space 315904K, 100% used [0x00000000d5d80000,0x00000000e9200000,0x00000000e9200000)
  from space 8704K, 98% used [0x00000000eb000000,0x00000000eb86a020,0x00000000eb880000)
  to   space 11264K, 0% used [0x00000000ea280000,0x00000000ea280000,0x00000000ead80000)
 ParOldGen       total 89600K, used 16841K [0x0000000081800000, 0x0000000086f80000, 0x00000000d5d80000)
  object space 89600K, 18% used [0x0000000081800000,0x00000000828724a0,0x0000000086f80000)
 Metaspace       used 47409K, capacity 50118K, committed 50344K, reserved 1093632K
  class space    used 6079K, capacity 6559K, committed 6568K, reserved 1048576K
Event: 26.049 GC heap after
Heap after GC invocations=17 (full 2):
 PSYoungGen      total 344064K, used 11256K [0x00000000d5d80000, 0x00000000efa80000, 0x0000000100000000)
  eden space 332800K, 0% used [0x00000000d5d80000,0x00000000d5d80000,0x00000000ea280000)
  from space 11264K, 99% used [0x00000000ea280000,0x00000000ead7e060,0x00000000ead80000)
  to   space 13312K, 0% used [0x00000000eed80000,0x00000000eed80000,0x00000000efa80000)
 ParOldGen       total 89600K, used 17881K [0x0000000081800000, 0x0000000086f80000, 0x00000000d5d80000)
  object space 89600K, 19% used [0x0000000081800000,0x00000000829764b0,0x0000000086f80000)
 Metaspace       used 47409K, capacity 50118K, committed 50344K, reserved 1093632K
  class space    used 6079K, capacity 6559K, committed 6568K, reserved 1048576K
}
Event: 34.638 GC heap before
{Heap before GC invocations=18 (full 2):
 PSYoungGen      total 344064K, used 344056K [0x00000000d5d80000, 0x00000000efa80000, 0x0000000100000000)
  eden space 332800K, 100% used [0x00000000d5d80000,0x00000000ea280000,0x00000000ea280000)
  from space 11264K, 99% used [0x00000000ea280000,0x00000000ead7e060,0x00000000ead80000)
  to   space 13312K, 0% used [0x00000000eed80000,0x00000000eed80000,0x00000000efa80000)
 ParOldGen       total 89600K, used 17881K [0x0000000081800000, 0x0000000086f80000, 0x00000000d5d80000)
  object space 89600K, 19% used [0x0000000081800000,0x00000000829764b0,0x0000000086f80000)
 Metaspace       used 54329K, capacity 57570K, committed 57768K, reserved 1099776K
  class space    used 7001K, capacity 7551K, committed 7592K, reserved 1048576K
Event: 34.697 GC heap after
Heap after GC invocations=18 (full 2):
 PSYoungGen      total 405504K, used 13280K [0x00000000d5d80000, 0x00000000f1200000, 0x0000000100000000)
  eden space 392192K, 0% used [0x00000000d5d80000,0x00000000d5d80000,0x00000000edc80000)
  from space 13312K, 99% used [0x00000000eed80000,0x00000000efa78030,0x00000000efa80000)
  to   space 17408K, 0% used [0x00000000edc80000,0x00000000edc80000,0x00000000eed80000)
 ParOldGen       total 89600K, used 24570K [0x0000000081800000, 0x0000000086f80000, 0x00000000d5d80000)
  object space 89600K, 27% used [0x0000000081800000,0x0000000082ffe850,0x0000000086f80000)
 Metaspace       used 54329K, capacity 57570K, committed 57768K, reserved 1099776K
  class space    used 7001K, capacity 7551K, committed 7592K, reserved 1048576K
}
Event: 35.572 GC heap before
{Heap before GC invocations=19 (full 2):
 PSYoungGen      total 405504K, used 71721K [0x00000000d5d80000, 0x00000000f1200000, 0x0000000100000000)
  eden space 392192K, 14% used [0x00000000d5d80000,0x00000000d9692500,0x00000000edc80000)
  from space 13312K, 99% used [0x00000000eed80000,0x00000000efa78030,0x00000000efa80000)
  to   space 17408K, 0% used [0x00000000edc80000,0x00000000edc80000,0x00000000eed80000)
 ParOldGen       total 89600K, used 24570K [0x0000000081800000, 0x0000000086f80000, 0x00000000d5d80000)
  object space 89600K, 27% used [0x0000000081800000,0x0000000082ffe850,0x0000000086f80000)
 Metaspace       used 55646K, capacity 59098K, committed 59160K, reserved 1101824K
  class space    used 7212K, capacity 7835K, committed 7848K, reserved 1048576K
Event: 35.607 GC heap after
Heap after GC invocations=19 (full 2):
 PSYoungGen      total 409600K, used 3184K [0x00000000d5d80000, 0x00000000f4f80000, 0x0000000100000000)
  eden space 392192K, 0% used [0x00000000d5d80000,0x00000000d5d80000,0x00000000edc80000)
  from space 17408K, 18% used [0x00000000edc80000,0x00000000edf9c010,0x00000000eed80000)
  to   space 17408K, 0% used [0x00000000f3e80000,0x00000000f3e80000,0x00000000f4f80000)
 ParOldGen       total 89600K, used 30606K [0x0000000081800000, 0x0000000086f80000, 0x00000000d5d80000)
  object space 89600K, 34% used [0x0000000081800000,0x00000000835e3940,0x0000000086f80000)
 Metaspace       used 55646K, capacity 59098K, committed 59160K, reserved 1101824K
  class space    used 7212K, capacity 7835K, committed 7848K, reserved 1048576K
}
Event: 35.607 GC heap before
{Heap before GC invocations=20 (full 3):
 PSYoungGen      total 409600K, used 3184K [0x00000000d5d80000, 0x00000000f4f80000, 0x0000000100000000)
  eden space 392192K, 0% used [0x00000000d5d80000,0x00000000d5d80000,0x00000000edc80000)
  from space 17408K, 18% used [0x00000000edc80000,0x00000000edf9c010,0x00000000eed80000)
  to   space 17408K, 0% used [0x00000000f3e80000,0x00000000f3e80000,0x00000000f4f80000)
 ParOldGen       total 89600K, used 30606K [0x0000000081800000, 0x0000000086f80000, 0x00000000d5d80000)
  object space 89600K, 34% used [0x0000000081800000,0x00000000835e3940,0x0000000086f80000)
 Metaspace       used 55646K, capacity 59098K, committed 59160K, reserved 1101824K
  class space    used 7212K, capacity 7835K, committed 7848K, reserved 1048576K
Event: 35.963 GC heap after
Heap after GC invocations=20 (full 3):
 PSYoungGen      total 409600K, used 0K [0x00000000d5d80000, 0x00000000f4f80000, 0x0000000100000000)
  eden space 392192K, 0% used [0x00000000d5d80000,0x00000000d5d80000,0x00000000edc80000)
  from space 17408K, 0% used [0x00000000edc80000,0x00000000edc80000,0x00000000eed80000)
  to   space 17408K, 0% used [0x00000000f3e80000,0x00000000f3e80000,0x00000000f4f80000)
 ParOldGen       total 123904K, used 27925K [0x0000000081800000, 0x0000000089100000, 0x00000000d5d80000)
  object space 123904K, 22% used [0x0000000081800000,0x0000000083345650,0x0000000089100000)
 Metaspace       used 55646K, capacity 59098K, committed 59160K, reserved 1101824K
  class space    used 7212K, capacity 7835K, committed 7848K, reserved 1048576K
}

